<?xml version="1.0" encoding="UTF-8"?>
<!-- Generated by org.testng.reporters.JUnitReportReporter -->
<testsuite hostname="ITLC3ML593" failures="0" tests="2" name="restful.Restful" time="1.879" errors="0" timestamp="2021-05-03T14:31:18 CAT" skipped="0">
  <testcase classname="restful.Restful" name="pageEquals2" time="1.737"/>
  <system-out/>
  <testcase classname="restful.Restful" name="statusCode" time="0.142"/>
  <system-out/>
</testsuite> <!-- restful.Restful -->
