<?xml version="1.0" encoding="UTF-8"?>
<!-- Generated by org.testng.reporters.JUnitReportReporter -->
<testsuite hostname="ITLC3ML593" failures="0" tests="1" name="restful.Restful" time="1.180" errors="0" timestamp="2021-05-03T12:05:02 CAT" skipped="0">
  <testcase classname="restful.Restful" name="extractall" time="1.180"/>
  <system-out/>
</testsuite> <!-- restful.Restful -->
