<?xml version="1.0" encoding="UTF-8"?>
<!-- Generated by org.testng.reporters.JUnitReportReporter -->
<testsuite hostname="ITLC3ML593" failures="0" tests="2" name="restfulAPItesting.Rest" time="1.586" errors="0" timestamp="2021-04-29T09:20:07 CAT" skipped="0">
  <testcase classname="restfulAPItesting.Rest" name="givenUserDoesNotExists_whenUserInfoIsRetrieved_then404IsReceived" time="0.564"/>
  <system-out/>
  <testcase classname="restfulAPItesting.Rest" name="givenRequestWithNoAcceptHeader_whenRequestIsExecuted_thenDefaultResponseContentTypeIsJson" time="1.022"/>
  <system-out/>
</testsuite> <!-- restfulAPItesting.Rest -->
