<?xml version="1.0" encoding="UTF-8"?>
<!-- Generated by org.testng.reporters.JUnitReportReporter -->
<testsuite hostname="ITLC3ML593" failures="0" tests="3" name="restful.Restful" time="1.622" errors="0" timestamp="2021-05-03T12:27:05 CAT" skipped="0">
  <testcase classname="restful.Restful" name="statusCode" time="0.127"/>
  <system-out/>
  <testcase classname="restful.Restful" name="extractall" time="1.111"/>
  <system-out/>
  <testcase classname="restful.Restful" name="pageEquals2" time="0.384"/>
  <system-out/>
</testsuite> <!-- restful.Restful -->
